[0m2021.04.15 17:04:28 INFO  Started: Metals version 0.10.1 in workspace '/home/merlinwebster/learning/scala-with-cats/cats-sandbox' for client vscode 1.55.2.[0m
[0m2021.04.15 17:04:30 INFO  time: initialize in 1.31s[0m
[0m2021.04.15 17:04:30 WARN  Build server is not auto-connectable.[0m
[0m2021.04.15 17:04:34 INFO  running '/usr/lib/jvm/java-11-openjdk-amd64/bin/java -Djline.terminal=jline.UnsupportedTerminal -Dsbt.log.noformat=true -Dfile.encoding=UTF-8 -jar /tmp/metals9961469442690928035/sbt-launch.jar -Dbloop.export-jar-classifiers=sources bloopInstall'[0m
[0m2021.04.15 17:04:35 ERROR [info] [launcher] getting org.scala-sbt sbt 1.3.10  (this may take some time)...[0m
[0m2021.04.15 17:04:35 WARN  no build target for: /home/merlinwebster/learning/scala-with-cats/cats-sandbox/project/metals.sbt[0m
[0m2021.04.15 17:04:35 WARN  no build target for: /home/merlinwebster/learning/scala-with-cats/cats-sandbox/project/project/metals.sbt[0m
[0m2021.04.15 17:04:34 INFO  skipping build import with status 'Started'[0m
[0m2021.04.15 17:04:37 INFO  no build target: using presentation compiler with only scala-library: 2.12.13[0m
[0m2021.04.15 17:04:46 ERROR downloading https://repo1.maven.org/maven2/org/scala-sbt/sbt/1.3.10/sbt-1.3.10.jar ...[0m
[0m2021.04.15 17:04:46 ERROR downloading https://repo1.maven.org/maven2/org/scala-lang/scala-library/2.12.10/scala-library-2.12.10.jar ...[0m
[0m2021.04.15 17:04:46 ERROR downloading https://repo1.maven.org/maven2/org/scala-sbt/main_2.12/1.3.10/main_2.12-1.3.10.jar ...[0m
[0m2021.04.15 17:04:46 ERROR downloading https://repo1.maven.org/maven2/org/scala-sbt/io_2.12/1.3.4/io_2.12-1.3.4.jar ...[0m
[0m2021.04.15 17:04:46 ERROR downloading https://repo1.maven.org/maven2/org/scala-sbt/logic_2.12/1.3.10/logic_2.12-1.3.10.jar ...[0m
[0m2021.04.15 17:04:46 ERROR downloading https://repo1.maven.org/maven2/org/scala-sbt/actions_2.12/1.3.10/actions_2.12-1.3.10.jar ...[0m
[0m2021.04.15 17:04:46 ERROR downloading https://repo1.maven.org/maven2/org/scala-sbt/main-settings_2.12/1.3.10/main-settings_2.12-1.3.10.jar ...[0m
[0m2021.04.15 17:04:46 ERROR downloading https://repo1.maven.org/maven2/org/scala-sbt/scripted-sbt-redux_2.12/1.3.10/scripted-sbt-redux_2.12-1.3.10.jar ...[0m
[0m2021.04.15 17:04:46 ERROR downloading https://repo1.maven.org/maven2/org/scala-sbt/command_2.12/1.3.10/command_2.12-1.3.10.jar ...[0m
[0m2021.04.15 17:04:46 ERROR downloading https://repo1.maven.org/maven2/org/scala-sbt/scripted-plugin_2.12/1.3.10/scripted-plugin_2.12-1.3.10.jar ...[0m
[0m2021.04.15 17:04:46 ERROR downloading https://repo1.maven.org/maven2/org/scala-sbt/collections_2.12/1.3.10/collections_2.12-1.3.10.jar ...[0m
[0m2021.04.15 17:04:46 ERROR downloading https://repo1.maven.org/maven2/org/scala-sbt/run_2.12/1.3.10/run_2.12-1.3.10.jar ...[0m
[0m2021.04.15 17:04:46 ERROR :: loading settings :: url = jar:file:/tmp/metals9961469442690928035/sbt-launch.jar!/org/apache/ivy/core/settings/ivysettings.xml[0m
[0m2021.04.15 17:04:46 ERROR :: loading settings :: url = jar:file:/tmp/metals9961469442690928035/sbt-launch.jar!/org/apache/ivy/core/settings/ivysettings.xml[0m
[0m2021.04.15 17:04:46 ERROR :: loading settings :: url = jar:file:/tmp/metals9961469442690928035/sbt-launch.jar!/org/apache/ivy/core/settings/ivysettings.xml[0m
[0m2021.04.15 17:04:46 ERROR :: loading settings :: url = jar:file:/tmp/metals9961469442690928035/sbt-launch.jar!/org/apache/ivy/core/settings/ivysettings.xml[0m
[0m2021.04.15 17:04:46 ERROR :: loading settings :: url = jar:file:/tmp/metals9961469442690928035/sbt-launch.jar!/org/apache/ivy/core/settings/ivysettings.xml[0m
[0m2021.04.15 17:04:46 ERROR :: loading settings :: url = jar:file:/tmp/metals9961469442690928035/sbt-launch.jar!/org/apache/ivy/core/settings/ivysettings.xml[0m
[0m2021.04.15 17:04:46 ERROR :: loading settings :: url = jar:file:/tmp/metals9961469442690928035/sbt-launch.jar!/org/apache/ivy/core/settings/ivysettings.xml[0m
[0m2021.04.15 17:04:46 ERROR :: loading settings :: url = jar:file:/tmp/metals9961469442690928035/sbt-launch.jar!/org/apache/ivy/core/settings/ivysettings.xml[0m
[0m2021.04.15 17:04:46 ERROR :: loading settings :: url = jar:file:/tmp/metals9961469442690928035/sbt-launch.jar!/org/apache/ivy/core/settings/ivysettings.xml[0m
[0m2021.04.15 17:04:46 ERROR :: loading settings :: url = jar:file:/tmp/metals9961469442690928035/sbt-launch.jar!/org/apache/ivy/core/settings/ivysettings.xml[0m
[0m2021.04.15 17:04:46 ERROR :: loading settings :: url = jar:file:/tmp/metals9961469442690928035/sbt-launch.jar!/org/apache/ivy/core/settings/ivysettings.xml[0m
[0m2021.04.15 17:04:46 ERROR :: loading settings :: url = jar:file:/tmp/metals9961469442690928035/sbt-launch.jar!/org/apache/ivy/core/settings/ivysettings.xml[0m
[0m2021.04.15 17:04:46 ERROR 	[SUCCESSFUL ] org.scala-sbt#run_2.12;1.3.10!run_2.12.jar (148ms)[0m
[0m2021.04.15 17:04:46 ERROR downloading https://repo1.maven.org/maven2/org/scala-sbt/zinc-lm-integration_2.12/1.3.10/zinc-lm-integration_2.12-1.3.10.jar ...[0m
[0m2021.04.15 17:04:46 ERROR 	[SUCCESSFUL ] org.scala-sbt#scripted-plugin_2.12;1.3.10!scripted-plugin_2.12.jar (332ms)[0m
[0m2021.04.15 17:04:46 ERROR downloading https://repo1.maven.org/maven2/org/scala-lang/modules/scala-xml_2.12/1.2.0/scala-xml_2.12-1.2.0.jar ...[0m
[0m2021.04.15 17:04:46 ERROR 	[SUCCESSFUL ] org.scala-sbt#logic_2.12;1.3.10!logic_2.12.jar (342ms)[0m
[0m2021.04.15 17:04:46 ERROR downloading https://repo1.maven.org/maven2/org/scala-sbt/launcher-interface/1.1.3/launcher-interface-1.1.3.jar ...[0m
[0m2021.04.15 17:04:46 ERROR 	[SUCCESSFUL ] org.scala-sbt#scripted-sbt-redux_2.12;1.3.10!scripted-sbt-redux_2.12.jar (394ms)[0m
[0m2021.04.15 17:04:46 ERROR downloading https://repo1.maven.org/maven2/io/get-coursier/lm-coursier-shaded_2.12/2.0.0-RC6-2/lm-coursier-shaded_2.12-2.0.0-RC6-2.jar ...[0m
[0m2021.04.15 17:04:46 ERROR 	[SUCCESSFUL ] org.scala-sbt#actions_2.12;1.3.10!actions_2.12.jar (413ms)[0m
[0m2021.04.15 17:04:46 ERROR downloading https://repo1.maven.org/maven2/org/scala-sbt/util-logging_2.12/1.3.3/util-logging_2.12-1.3.3.jar ...[0m
[0m2021.04.15 17:04:46 ERROR 	[SUCCESSFUL ] org.scala-sbt#command_2.12;1.3.10!command_2.12.jar (429ms)[0m
[0m2021.04.15 17:04:46 ERROR downloading https://repo1.maven.org/maven2/org/scala-sbt/librarymanagement-core_2.12/1.3.2/librarymanagement-core_2.12-1.3.2.jar ...[0m
[0m2021.04.15 17:04:46 ERROR 	[SUCCESSFUL ] org.scala-sbt#collections_2.12;1.3.10!collections_2.12.jar (443ms)[0m
[0m2021.04.15 17:04:46 ERROR downloading https://repo1.maven.org/maven2/org/scala-sbt/librarymanagement-ivy_2.12/1.3.2/librarymanagement-ivy_2.12-1.3.2.jar ...[0m
[0m2021.04.15 17:04:46 ERROR 	[SUCCESSFUL ] org.scala-sbt#io_2.12;1.3.4!io_2.12.jar (448ms)[0m
[0m2021.04.15 17:04:46 ERROR downloading https://repo1.maven.org/maven2/org/scala-sbt/compiler-interface/1.3.5/compiler-interface-1.3.5.jar ...[0m
[0m2021.04.15 17:04:46 ERROR 	[SUCCESSFUL ] org.scala-sbt#zinc-lm-integration_2.12;1.3.10!zinc-lm-integration_2.12.jar (374ms)[0m
[0m2021.04.15 17:04:46 ERROR downloading https://repo1.maven.org/maven2/org/scala-sbt/zinc-compile_2.12/1.3.5/zinc-compile_2.12-1.3.5.jar ...[0m
[0m2021.04.15 17:04:46 ERROR 	[SUCCESSFUL ] org.scala-sbt#launcher-interface;1.1.3!launcher-interface.jar (285ms)[0m
[0m2021.04.15 17:04:46 ERROR downloading https://repo1.maven.org/maven2/org/scala-sbt/util-relation_2.12/1.3.3/util-relation_2.12-1.3.3.jar ...[0m
[0m2021.04.15 17:04:46 ERROR 	[SUCCESSFUL ] org.scala-sbt#sbt;1.3.10!sbt.jar (761ms)[0m
[0m2021.04.15 17:04:46 ERROR downloading https://repo1.maven.org/maven2/com/eed3si9n/sjson-new-scalajson_2.12/0.8.3/sjson-new-scalajson_2.12-0.8.3.jar ...[0m
[0m2021.04.15 17:04:46 ERROR 	[SUCCESSFUL ] org.scala-sbt#main-settings_2.12;1.3.10!main-settings_2.12.jar (952ms)[0m
[0m2021.04.15 17:04:46 ERROR downloading https://repo1.maven.org/maven2/org/scala-sbt/util-position_2.12/1.3.3/util-position_2.12-1.3.3.jar ...[0m
[0m2021.04.15 17:04:46 ERROR 	[SUCCESSFUL ] org.scala-sbt#compiler-interface;1.3.5!compiler-interface.jar (507ms)[0m
[0m2021.04.15 17:04:46 ERROR downloading https://repo1.maven.org/maven2/com/eed3si9n/sjson-new-core_2.12/0.8.3/sjson-new-core_2.12-0.8.3.jar ...[0m
[0m2021.04.15 17:04:47 ERROR 	[SUCCESSFUL ] org.scala-sbt#zinc-compile_2.12;1.3.5!zinc-compile_2.12.jar (516ms)[0m
[0m2021.04.15 17:04:47 ERROR downloading https://repo1.maven.org/maven2/org/scala-lang/scala-reflect/2.12.10/scala-reflect-2.12.10.jar ...[0m
[0m2021.04.15 17:04:47 ERROR 	[SUCCESSFUL ] org.scala-sbt#util-logging_2.12;1.3.3!util-logging_2.12.jar (638ms)[0m
[0m2021.04.15 17:04:47 ERROR downloading https://repo1.maven.org/maven2/org/scala-sbt/completion_2.12/1.3.10/completion_2.12-1.3.10.jar ...[0m
[0m2021.04.15 17:04:47 ERROR 	[SUCCESSFUL ] org.scala-sbt#librarymanagement-core_2.12;1.3.2!librarymanagement-core_2.12.jar (620ms)[0m
[0m2021.04.15 17:04:47 ERROR downloading https://repo1.maven.org/maven2/org/scala-sbt/task-system_2.12/1.3.10/task-system_2.12-1.3.10.jar ...[0m
[0m2021.04.15 17:04:47 ERROR 	[SUCCESSFUL ] org.scala-sbt#util-relation_2.12;1.3.3!util-relation_2.12.jar (502ms)[0m
[0m2021.04.15 17:04:47 ERROR downloading https://repo1.maven.org/maven2/org/scala-sbt/tasks_2.12/1.3.10/tasks_2.12-1.3.10.jar ...[0m
[0m2021.04.15 17:04:47 ERROR 	[SUCCESSFUL ] org.scala-lang.modules#scala-xml_2.12;1.2.0!scala-xml_2.12.jar(bundle) (829ms)[0m
[0m2021.04.15 17:04:47 ERROR downloading https://repo1.maven.org/maven2/org/scala-sbt/testing_2.12/1.3.10/testing_2.12-1.3.10.jar ...[0m
[0m2021.04.15 17:04:47 ERROR 	[SUCCESSFUL ] org.scala-sbt#librarymanagement-ivy_2.12;1.3.2!librarymanagement-ivy_2.12.jar (845ms)[0m
[0m2021.04.15 17:04:47 ERROR downloading https://repo1.maven.org/maven2/org/scala-sbt/util-tracking_2.12/1.3.3/util-tracking_2.12-1.3.3.jar ...[0m
[0m2021.04.15 17:04:47 ERROR 	[SUCCESSFUL ] com.eed3si9n#sjson-new-scalajson_2.12;0.8.3!sjson-new-scalajson_2.12.jar (586ms)[0m
[0m2021.04.15 17:04:47 ERROR downloading https://repo1.maven.org/maven2/org/scala-sbt/zinc-classpath_2.12/1.3.5/zinc-classpath_2.12-1.3.5.jar ...[0m
[0m2021.04.15 17:04:47 ERROR 	[SUCCESSFUL ] org.scala-sbt#task-system_2.12;1.3.10!task-system_2.12.jar (544ms)[0m
[0m2021.04.15 17:04:47 ERROR downloading https://repo1.maven.org/maven2/org/scala-sbt/zinc-apiinfo_2.12/1.3.5/zinc-apiinfo_2.12-1.3.5.jar ...[0m
[0m2021.04.15 17:04:47 ERROR 	[SUCCESSFUL ] org.scala-sbt#util-position_2.12;1.3.3!util-position_2.12.jar (646ms)[0m
[0m2021.04.15 17:04:47 ERROR downloading https://repo1.maven.org/maven2/org/scala-sbt/zinc_2.12/1.3.5/zinc_2.12-1.3.5.jar ...[0m
[0m2021.04.15 17:04:47 ERROR 	[SUCCESSFUL ] org.scala-sbt#util-tracking_2.12;1.3.3!util-tracking_2.12.jar (337ms)[0m
[0m2021.04.15 17:04:47 ERROR downloading https://repo1.maven.org/maven2/org/scala-sbt/util-control_2.12/1.3.3/util-control_2.12-1.3.3.jar ...[0m
[0m2021.04.15 17:04:47 ERROR 	[SUCCESSFUL ] org.scala-sbt#tasks_2.12;1.3.10!tasks_2.12.jar (515ms)[0m
[0m2021.04.15 17:04:47 ERROR downloading https://repo1.maven.org/maven2/com/swoval/file-tree-views/2.1.3/file-tree-views-2.1.3.jar ...[0m
[0m2021.04.15 17:04:47 ERROR 	[SUCCESSFUL ] org.scala-sbt#zinc-classpath_2.12;1.3.5!zinc-classpath_2.12.jar (356ms)[0m
[0m2021.04.15 17:04:47 ERROR downloading https://repo1.maven.org/maven2/org/scala-sbt/util-interface/1.3.3/util-interface-1.3.3.jar ...[0m
[0m2021.04.15 17:04:47 ERROR 	[SUCCESSFUL ] org.scala-sbt#completion_2.12;1.3.10!completion_2.12.jar (674ms)[0m
[0m2021.04.15 17:04:47 ERROR downloading https://repo1.maven.org/maven2/org/scala-lang/scala-compiler/2.12.10/scala-compiler-2.12.10.jar ...[0m
[0m2021.04.15 17:04:47 ERROR 	[SUCCESSFUL ] org.scala-sbt#zinc_2.12;1.3.5!zinc_2.12.jar (226ms)[0m
[0m2021.04.15 17:04:47 ERROR downloading https://repo1.maven.org/maven2/com/google/protobuf/protobuf-java/3.7.0/protobuf-java-3.7.0.jar ...[0m
[0m2021.04.15 17:04:47 ERROR 	[SUCCESSFUL ] org.scala-sbt#testing_2.12;1.3.10!testing_2.12.jar (670ms)[0m
[0m2021.04.15 17:04:47 ERROR downloading https://repo1.maven.org/maven2/org/scala-sbt/util-cache_2.12/1.3.3/util-cache_2.12-1.3.3.jar ...[0m
[0m2021.04.15 17:04:47 ERROR 	[SUCCESSFUL ] org.scala-sbt#zinc-apiinfo_2.12;1.3.5!zinc-apiinfo_2.12.jar (272ms)[0m
[0m2021.04.15 17:04:47 ERROR downloading https://repo1.maven.org/maven2/com/eed3si9n/sjson-new-murmurhash_2.12/0.8.3/sjson-new-murmurhash_2.12-0.8.3.jar ...[0m
[0m2021.04.15 17:04:47 ERROR 	[SUCCESSFUL ] com.eed3si9n#sjson-new-core_2.12;0.8.3!sjson-new-core_2.12.jar (940ms)[0m
[0m2021.04.15 17:04:47 ERROR downloading https://repo1.maven.org/maven2/org/scala-sbt/test-agent/1.3.10/test-agent-1.3.10.jar ...[0m
[0m2021.04.15 17:04:47 ERROR 	[SUCCESSFUL ] com.swoval#file-tree-views;2.1.3!file-tree-views.jar (261ms)[0m
[0m2021.04.15 17:04:47 ERROR downloading https://repo1.maven.org/maven2/org/scala-sbt/compiler-bridge_2.12/1.3.5/compiler-bridge_2.12-1.3.5.jar ...[0m
[0m2021.04.15 17:04:47 ERROR 	[SUCCESSFUL ] com.eed3si9n#sjson-new-murmurhash_2.12;0.8.3!sjson-new-murmurhash_2.12.jar (169ms)[0m
[0m2021.04.15 17:04:47 ERROR downloading https://repo1.maven.org/maven2/org/scala-sbt/zinc-classfile_2.12/1.3.5/zinc-classfile_2.12-1.3.5.jar ...[0m
[0m2021.04.15 17:04:49 ERROR 	[SUCCESSFUL ] org.scala-sbt#test-agent;1.3.10!test-agent.jar (200ms)[0m
[0m2021.04.15 17:04:49 ERROR downloading https://repo1.maven.org/maven2/org/scala-sbt/zinc-core_2.12/1.3.5/zinc-core_2.12-1.3.5.jar ...[0m
[0m2021.04.15 17:04:49 ERROR 	[SUCCESSFUL ] org.scala-lang#scala-reflect;2.12.10!scala-reflect.jar (1061ms)[0m
[0m2021.04.15 17:04:49 ERROR downloading https://repo1.maven.org/maven2/org/scala-sbt/zinc-persist_2.12/1.3.5/zinc-persist_2.12-1.3.5.jar ...[0m
[0m2021.04.15 17:04:49 ERROR 	[SUCCESSFUL ] io.get-coursier#lm-coursier-shaded_2.12;2.0.0-RC6-2!lm-coursier-shaded_2.12.jar (1735ms)[0m
[0m2021.04.15 17:04:49 ERROR downloading https://repo1.maven.org/maven2/org/scala-sbt/zinc-compile-core_2.12/1.3.5/zinc-compile-core_2.12-1.3.5.jar ...[0m
[0m2021.04.15 17:04:49 ERROR 	[SUCCESSFUL ] org.scala-sbt#compiler-bridge_2.12;1.3.5!compiler-bridge_2.12.jar (225ms)[0m
[0m2021.04.15 17:04:49 ERROR downloading https://repo1.maven.org/maven2/org/scala-sbt/core-macros_2.12/1.3.10/core-macros_2.12-1.3.10.jar ...[0m
[0m2021.04.15 17:04:49 ERROR 	[SUCCESSFUL ] org.scala-sbt#util-cache_2.12;1.3.3!util-cache_2.12.jar (404ms)[0m
[0m2021.04.15 17:04:49 ERROR downloading https://repo1.maven.org/maven2/org/scala-sbt/protocol_2.12/1.3.10/protocol_2.12-1.3.10.jar ...[0m
[0m2021.04.15 17:04:49 ERROR 	[SUCCESSFUL ] org.scala-sbt#zinc-classfile_2.12;1.3.5!zinc-classfile_2.12.jar (373ms)[0m
[0m2021.04.15 17:04:49 ERROR downloading https://repo1.maven.org/maven2/org/scala-sbt/ipcsocket/ipcsocket/1.0.1/ipcsocket-1.0.1.jar ...[0m
[0m2021.04.15 17:04:49 ERROR 	[SUCCESSFUL ] org.scala-sbt#core-macros_2.12;1.3.10!core-macros_2.12.jar (348ms)[0m
[0m2021.04.15 17:04:49 ERROR downloading https://repo1.maven.org/maven2/org/scala-sbt/util-scripted_2.12/1.3.3/util-scripted_2.12-1.3.3.jar ...[0m
[0m2021.04.15 17:04:49 ERROR 	[SUCCESSFUL ] org.scala-sbt#util-control_2.12;1.3.3!util-control_2.12.jar (861ms)[0m
[0m2021.04.15 17:04:49 ERROR downloading https://repo1.maven.org/maven2/org/scala-sbt/ivy/ivy/2.3.0-sbt-fa726854dd30be842ff9e6d2093df6adfe3871f5/ivy-2.3.0-sbt-fa726854dd30be842ff9e6d2093df6adfe3871f5.jar ...[0m
[0m2021.04.15 17:04:49 ERROR 	[SUCCESSFUL ] org.scala-sbt#zinc-compile-core_2.12;1.3.5!zinc-compile-core_2.12.jar (376ms)[0m
[0m2021.04.15 17:04:49 ERROR 	[SUCCESSFUL ] org.scala-sbt#main_2.12;1.3.10!main_2.12.jar (2523ms)[0m
[0m2021.04.15 17:04:49 ERROR 	[SUCCESSFUL ] org.scala-sbt#zinc-core_2.12;1.3.5!zinc-core_2.12.jar (443ms)[0m
[0m2021.04.15 17:04:49 ERROR 	[SUCCESSFUL ] com.google.protobuf#protobuf-java;3.7.0!protobuf-java.jar(bundle) (768ms)[0m
[0m2021.04.15 17:04:49 ERROR 	[SUCCESSFUL ] org.scala-sbt#util-interface;1.3.3!util-interface.jar (921ms)[0m
[0m2021.04.15 17:04:49 ERROR 	[SUCCESSFUL ] org.scala-sbt.ipcsocket#ipcsocket;1.0.1!ipcsocket.jar (261ms)[0m
[0m2021.04.15 17:04:49 ERROR 	[SUCCESSFUL ] org.scala-sbt#util-scripted_2.12;1.3.3!util-scripted_2.12.jar (264ms)[0m
[0m2021.04.15 17:04:49 ERROR 	[SUCCESSFUL ] org.scala-sbt#protocol_2.12;1.3.10!protocol_2.12.jar (509ms)[0m
[0m2021.04.15 17:04:49 ERROR 	[SUCCESSFUL ] org.scala-lang#scala-library;2.12.10!scala-library.jar (2821ms)[0m
[0m2021.04.15 17:04:49 ERROR 	[SUCCESSFUL ] org.scala-sbt#zinc-persist_2.12;1.3.5!zinc-persist_2.12.jar (735ms)[0m
[0m2021.04.15 17:04:50 ERROR 	[SUCCESSFUL ] org.scala-sbt.ivy#ivy;2.3.0-sbt-fa726854dd30be842ff9e6d2093df6adfe3871f5!ivy.jar (724ms)[0m
[0m2021.04.15 17:04:50 ERROR 	[SUCCESSFUL ] org.scala-lang#scala-compiler;2.12.10!scala-compiler.jar (1686ms)[0m
[0m2021.04.15 17:04:50 ERROR :: retrieving :: org.scala-sbt#boot-app[0m
[0m2021.04.15 17:04:50 ERROR 	confs: [default][0m
[0m2021.04.15 17:04:50 ERROR 	81 artifacts copied, 0 already retrieved[0m
[0m2021.04.15 17:04:50 ERROR [info] [launcher] getting Scala 2.12.10 (for sbt)...[0m
[0m2021.04.15 17:04:50 ERROR :: retrieving :: org.scala-sbt#boot-scala[0m
[0m2021.04.15 17:04:50 ERROR 	confs: [default][0m
[0m2021.04.15 17:04:50 ERROR 	6 artifacts copied, 0 already retrieved[0m
[0m2021.04.15 17:04:53 INFO  [info] Loading settings for project cats-sandbox-build-build-build from metals.sbt ...[0m
[0m2021.04.15 17:04:53 INFO  [info] Loading project definition from /home/merlinwebster/learning/scala-with-cats/cats-sandbox/project/project/project[0m
[0m2021.04.15 17:05:01 INFO  [warn] There may be incompatibilities among your library dependencies; run 'evicted' to see detailed eviction warnings.[0m
[0m2021.04.15 17:05:01 INFO  [info] Loading settings for project cats-sandbox-build-build from metals.sbt ...[0m
[0m2021.04.15 17:05:01 INFO  [info] Loading project definition from /home/merlinwebster/learning/scala-with-cats/cats-sandbox/project/project[0m
[0m2021.04.15 17:05:03 INFO  [warn] There may be incompatibilities among your library dependencies; run 'evicted' to see detailed eviction warnings.[0m
[0m2021.04.15 17:05:04 INFO  [success] Generated .bloop/cats-sandbox-build-build.json[0m
[0m2021.04.15 17:05:04 INFO  [success] Total time: 2 s, completed 15 Apr 2021, 17:05:04[0m
[0m2021.04.15 17:05:04 INFO  [info] Loading settings for project cats-sandbox-build from metals.sbt,plugins.sbt ...[0m
[0m2021.04.15 17:05:04 INFO  [info] Loading project definition from /home/merlinwebster/learning/scala-with-cats/cats-sandbox/project[0m
[0m2021.04.15 17:05:07 INFO  [warn] There may be incompatibilities among your library dependencies; run 'evicted' to see detailed eviction warnings.[0m
[0m2021.04.15 17:05:07 INFO  [success] Generated .bloop/cats-sandbox-build.json[0m
[0m2021.04.15 17:05:07 INFO  [success] Total time: 2 s, completed 15 Apr 2021, 17:05:07[0m
[0m2021.04.15 17:05:08 INFO  [info] Loading settings for project cats-sandbox from build.sbt ...[0m
[0m2021.04.15 17:05:08 INFO  [info] Set current project to cats-sandbox (in build file:/home/merlinwebster/learning/scala-with-cats/cats-sandbox/)[0m
[0m2021.04.15 17:05:08 INFO  [success] Generated .bloop/cats-sandbox.json[0m
[0m2021.04.15 17:05:08 INFO  [success] Generated .bloop/cats-sandbox-test.json[0m
[0m2021.04.15 17:05:08 INFO  [success] Total time: 0 s, completed 15 Apr 2021, 17:05:09[0m
[0m2021.04.15 17:05:08 INFO  sbt bloopInstall exit: 0[0m
[0m2021.04.15 17:05:09 INFO  time: ran 'sbt bloopInstall' in 34s[0m
[0m2021.04.15 17:05:09 INFO  Attempting to connect to the build server...[0m
Starting the bsp launcher for bloop...
Opening a bsp server connection with 'bsp --protocol local --socket /tmp/bsp-launcher13527161623581967175/bsp.socket'...
Waiting for the bsp connection to come up...
Waiting for the bsp connection to come up...
No server running at 127.0.0.1:8212, let's fire one...
Resolving ch.epfl.scala:bloop-frontend_2.12:1.4.8...
Starting bloop server at 127.0.0.1:8212...
Attempting a connection to the server...
Attempting a connection to the server...
Attempting a connection to the server...
[0m[32m[D][0m Loading 2 projects from '/home/merlinwebster/learning/scala-with-cats/cats-sandbox/.bloop'...
[0m[32m[D][0m Loading project from '/home/merlinwebster/learning/scala-with-cats/cats-sandbox/.bloop/cats-sandbox.json'
[0m[32m[D][0m Loading project from '/home/merlinwebster/learning/scala-with-cats/cats-sandbox/.bloop/cats-sandbox-test.json'
[0m[32m[D][0m Cache miss for scala instance org.scala-lang:scala-compiler:2.13.1.
[0m[32m[D][0m   => /home/merlinwebster/.cache/coursier/v1/https/repo1.maven.org/maven2/jline/jline/2.14.6/jline-2.14.6.jar
[0m[32m[D][0m   => /home/merlinwebster/.cache/coursier/v1/https/repo1.maven.org/maven2/org/fusesource/jansi/jansi/1.12/jansi-1.12.jar
[0m[32m[D][0m   => /home/merlinwebster/.cache/coursier/v1/https/repo1.maven.org/maven2/org/scala-lang/scala-compiler/2.13.1/scala-compiler-2.13.1.jar
[0m[32m[D][0m   => /home/merlinwebster/.cache/coursier/v1/https/repo1.maven.org/maven2/org/scala-lang/scala-library/2.13.1/scala-library-2.13.1.jar
[0m[32m[D][0m   => /home/merlinwebster/.cache/coursier/v1/https/repo1.maven.org/maven2/org/scala-lang/scala-reflect/2.13.1/scala-reflect-2.13.1.jar
[0m[32m[D][0m Missing analysis file for project 'cats-sandbox'
[0m[32m[D][0m Missing analysis file for project 'cats-sandbox-test'
[0m[32m[D][0m Waiting for a connection at local:///tmp/bsp-launcher13527161623581967175/bsp.socket...
The server is listening for incoming connections at local:///tmp/bsp-launcher13527161623581967175/bsp.socket...
Starting thread that pumps stdin and redirects it to the bsp server...
Starting thread that pumps server stdout and redirects it to the client stdout...
[0m2021.04.15 17:05:10 INFO  tracing is disabled for protocol BSP, to enable tracing of incoming and outgoing JSON messages create an empty file at /home/merlinwebster/.cache/metals/bsp.trace.json[0m
[0m2021.04.15 17:05:10 INFO  Attempting to connect to the build server...[0m
Starting the bsp launcher for bloop...
[0m2021.04.15 17:05:10 INFO  Attempting to connect to the build server...[0m
Opening a bsp server connection with 'bsp --protocol local --socket /tmp/bsp-launcher9067780872897393269/bsp.socket'...
Waiting for the bsp connection to come up...
Starting the bsp launcher for bloop...
Opening a bsp server connection with 'bsp --protocol local --socket /tmp/bsp-launcher14569015630724153624/bsp.socket'...
Waiting for the bsp connection to come up...
[0m[32m[D][0m Loading workspace settings from bloop.settings.json
[0m[32m[D][0m Waiting for a connection at local:///tmp/bsp-launcher14569015630724153624/bsp.socket...
The server is listening for incoming connections at local:///tmp/bsp-launcher14569015630724153624/bsp.socket...
[0m[32m[D][0m Loading workspace settings from bloop.settings.json
[0m[32m[D][0m Waiting for a connection at local:///tmp/bsp-launcher9067780872897393269/bsp.socket...
The server is listening for incoming connections at local:///tmp/bsp-launcher9067780872897393269/bsp.socket...
Starting thread that pumps stdin and redirects it to the bsp server...
Starting thread that pumps stdin and redirects it to the bsp server...
Starting thread that pumps server stdout and redirects it to the client stdout...
Starting thread that pumps server stdout and redirects it to the client stdout...
[0m2021.04.15 17:05:11 INFO  tracing is disabled for protocol BSP, to enable tracing of incoming and outgoing JSON messages create an empty file at /home/merlinwebster/.cache/metals/bsp.trace.json[0m
[0m2021.04.15 17:05:11 INFO  tracing is disabled for protocol BSP, to enable tracing of incoming and outgoing JSON messages create an empty file at /home/merlinwebster/.cache/metals/bsp.trace.json[0m
[0m2021.04.15 17:05:13 INFO  time: Connected to build server in 4.02s[0m
[0m2021.04.15 17:05:13 INFO  Connected to Build server: Bloop v1.4.8[0m
[0m2021.04.15 17:05:14 WARN  Could not find java sources in None. Java symbols will not be available.[0m
[0m2021.04.15 17:05:15 INFO  time: indexed workspace in 2.74s[0m
[0m2021.04.15 19:12:01 INFO  compiling cats-sandbox (2 scala sources)[0m
[0m2021.04.15 19:12:07 INFO  time: compiled cats-sandbox in 6.7s[0m
[0m2021.04.15 19:12:26 INFO  compiling cats-sandbox (2 scala sources)[0m
[0m2021.04.15 19:12:26 INFO  time: compiled cats-sandbox in 0.5s[0m
[0m2021.04.15 19:13:01 INFO  compiling cats-sandbox (2 scala sources)[0m
[0m2021.04.15 19:13:02 INFO  time: compiled cats-sandbox in 1.58s[0m
Apr 15, 2021 7:13:40 PM org.eclipse.lsp4j.jsonrpc.RemoteEndpoint handleCancellation
WARNING: Unmatched cancel notification for request id 78
Apr 15, 2021 7:13:58 PM org.eclipse.lsp4j.jsonrpc.RemoteEndpoint handleCancellation
WARNING: Unmatched cancel notification for request id 83
[0m2021.04.15 19:22:02 INFO  time: code lens generation in 2.72s[0m
Apr 15, 2021 7:22:09 PM org.eclipse.lsp4j.jsonrpc.RemoteEndpoint handleCancellation
WARNING: Unmatched cancel notification for request id 113
Apr 15, 2021 7:22:10 PM org.eclipse.lsp4j.jsonrpc.RemoteEndpoint handleCancellation
WARNING: Unmatched cancel notification for request id 118
Apr 15, 2021 7:22:11 PM org.eclipse.lsp4j.jsonrpc.RemoteEndpoint handleCancellation
WARNING: Unmatched cancel notification for request id 123
Apr 15, 2021 7:26:26 PM org.eclipse.lsp4j.jsonrpc.RemoteEndpoint handleCancellation
WARNING: Unmatched cancel notification for request id 128
Apr 15, 2021 7:26:54 PM org.eclipse.lsp4j.jsonrpc.RemoteEndpoint handleCancellation
WARNING: Unmatched cancel notification for request id 134
[0m2021.04.15 19:27:20 INFO  compiling cats-sandbox (1 scala source)[0m
[0m2021.04.15 19:27:20 INFO  time: compiled cats-sandbox in 0.1s[0m
[0m2021.04.15 19:28:17 INFO  compiling cats-sandbox (1 scala source)[0m
[0m2021.04.15 19:28:17 INFO  time: compiled cats-sandbox in 0.11s[0m
[0m2021.04.15 19:28:26 INFO  compiling cats-sandbox (1 scala source)[0m
[0m2021.04.15 19:28:26 INFO  time: compiled cats-sandbox in 0.1s[0m
[0m2021.04.15 19:28:29 INFO  compiling cats-sandbox (1 scala source)[0m
[0m2021.04.15 19:28:29 INFO  time: compiled cats-sandbox in 90ms[0m
[0m2021.04.15 19:29:03 INFO  compiling cats-sandbox (1 scala source)[0m
[0m2021.04.15 19:29:03 INFO  time: compiled cats-sandbox in 92ms[0m
Apr 15, 2021 7:30:57 PM org.eclipse.lsp4j.jsonrpc.RemoteEndpoint handleCancellation
WARNING: Unmatched cancel notification for request id 260
[0m2021.04.15 19:31:06 ERROR scalafmt: /home/merlinwebster/learning/scala-with-cats/cats-sandbox/src/main/scala/sandbox/JsonWriterInstances.scala:37: error: expected class or object definition
ls 
^[0m
[0m2021.04.15 19:31:06 INFO  compiling cats-sandbox (2 scala sources)[0m
[0m2021.04.15 19:31:06 INFO  time: compiled cats-sandbox in 70ms[0m
Apr 15, 2021 7:31:07 PM org.eclipse.lsp4j.jsonrpc.RemoteEndpoint handleCancellation
WARNING: Unmatched cancel notification for request id 309
[0m2021.04.15 19:31:14 INFO  compiling cats-sandbox (2 scala sources)[0m
[0m2021.04.15 19:31:14 INFO  time: compiled cats-sandbox in 42ms[0m
[0m2021.04.15 19:31:25 INFO  compiling cats-sandbox (2 scala sources)[0m
[0m2021.04.15 19:31:25 INFO  time: compiled cats-sandbox in 46ms[0m
[0m2021.04.15 19:31:40 INFO  compiling cats-sandbox (2 scala sources)[0m
[0m2021.04.15 19:31:40 INFO  time: compiled cats-sandbox in 47ms[0m
Apr 15, 2021 7:31:43 PM org.eclipse.lsp4j.jsonrpc.RemoteEndpoint handleCancellation
WARNING: Unmatched cancel notification for request id 371
Apr 15, 2021 7:31:45 PM org.eclipse.lsp4j.jsonrpc.RemoteEndpoint fallbackResponseError
SEVERE: Internal error: java.lang.IllegalArgumentException: 35 is not a valid line number, allowed [0..34]
java.util.concurrent.CompletionException: java.lang.IllegalArgumentException: 35 is not a valid line number, allowed [0..34]
	at java.base/java.util.concurrent.CompletableFuture.encodeThrowable(CompletableFuture.java:331)
	at java.base/java.util.concurrent.CompletableFuture.completeThrowable(CompletableFuture.java:346)
	at java.base/java.util.concurrent.CompletableFuture$UniAccept.tryFire(CompletableFuture.java:704)
	at java.base/java.util.concurrent.CompletableFuture.postComplete(CompletableFuture.java:506)
	at java.base/java.util.concurrent.CompletableFuture.completeExceptionally(CompletableFuture.java:2088)
	at scala.meta.internal.metals.CancelTokens$.$anonfun$future$1(CancelTokens.scala:40)
	at scala.meta.internal.metals.CancelTokens$.$anonfun$future$1$adapted(CancelTokens.scala:38)
	at scala.concurrent.impl.CallbackRunnable.run(Promise.scala:64)
	at java.base/java.util.concurrent.ThreadPoolExecutor.runWorker(ThreadPoolExecutor.java:1128)
	at java.base/java.util.concurrent.ThreadPoolExecutor$Worker.run(ThreadPoolExecutor.java:628)
	at java.base/java.lang.Thread.run(Thread.java:834)
Caused by: java.lang.IllegalArgumentException: 35 is not a valid line number, allowed [0..34]
	at scala.meta.internal.inputs.InternalInput.lineToOffset(InternalInput.scala:37)
	at scala.meta.internal.inputs.InternalInput.lineToOffset$(InternalInput.scala:32)
	at scala.meta.inputs.Input$VirtualFile.lineToOffset(Input.scala:80)
	at scala.meta.inputs.Position$Range$.apply(Position.scala:59)
	at scala.meta.internal.mtags.MtagsEnrichments$XtensionPositionLspInverse.toMeta(MtagsEnrichments.scala:200)
	at scala.meta.internal.parsing.Trees.$anonfun$findLastEnclosingAt$5(Trees.scala:71)
	at scala.Option.flatMap(Option.scala:271)
	at scala.meta.internal.parsing.Trees.findLastEnclosingAt(Trees.scala:70)
	at scala.meta.internal.metals.codeactions.InsertInferredType.$anonfun$contribute$1(InsertInferredType.scala:80)
	at scala.concurrent.Future$.$anonfun$apply$1(Future.scala:659)
	at scala.util.Success.$anonfun$map$1(Try.scala:255)
	at scala.util.Success.map(Try.scala:213)
	at scala.concurrent.Future.$anonfun$map$1(Future.scala:292)
	at scala.concurrent.impl.Promise.liftedTree1$1(Promise.scala:33)
	at scala.concurrent.impl.Promise.$anonfun$transform$1(Promise.scala:33)
	... 4 more

Apr 15, 2021 7:31:46 PM org.eclipse.lsp4j.jsonrpc.RemoteEndpoint fallbackResponseError
SEVERE: Internal error: java.lang.IllegalArgumentException: 36 is not a valid line number, allowed [0..34]
java.util.concurrent.CompletionException: java.lang.IllegalArgumentException: 36 is not a valid line number, allowed [0..34]
	at java.base/java.util.concurrent.CompletableFuture.encodeThrowable(CompletableFuture.java:331)
	at java.base/java.util.concurrent.CompletableFuture.completeThrowable(CompletableFuture.java:346)
	at java.base/java.util.concurrent.CompletableFuture$UniAccept.tryFire(CompletableFuture.java:704)
	at java.base/java.util.concurrent.CompletableFuture.postComplete(CompletableFuture.java:506)
	at java.base/java.util.concurrent.CompletableFuture.completeExceptionally(CompletableFuture.java:2088)
	at scala.meta.internal.metals.CancelTokens$.$anonfun$future$1(CancelTokens.scala:40)
	at scala.meta.internal.metals.CancelTokens$.$anonfun$future$1$adapted(CancelTokens.scala:38)
	at scala.concurrent.impl.CallbackRunnable.run(Promise.scala:64)
	at java.base/java.util.concurrent.ThreadPoolExecutor.runWorker(ThreadPoolExecutor.java:1128)
	at java.base/java.util.concurrent.ThreadPoolExecutor$Worker.run(ThreadPoolExecutor.java:628)
	at java.base/java.lang.Thread.run(Thread.java:834)
Caused by: java.lang.IllegalArgumentException: 36 is not a valid line number, allowed [0..34]
	at scala.meta.internal.inputs.InternalInput.lineToOffset(InternalInput.scala:37)
	at scala.meta.internal.inputs.InternalInput.lineToOffset$(InternalInput.scala:32)
	at scala.meta.inputs.Input$VirtualFile.lineToOffset(Input.scala:80)
	at scala.meta.inputs.Position$Range$.apply(Position.scala:59)
	at scala.meta.internal.mtags.MtagsEnrichments$XtensionPositionLspInverse.toMeta(MtagsEnrichments.scala:200)
	at scala.meta.internal.parsing.Trees.$anonfun$findLastEnclosingAt$5(Trees.scala:71)
	at scala.Option.flatMap(Option.scala:271)
	at scala.meta.internal.parsing.Trees.findLastEnclosingAt(Trees.scala:70)
	at scala.meta.internal.metals.codeactions.InsertInferredType.$anonfun$contribute$1(InsertInferredType.scala:80)
	at scala.concurrent.Future$.$anonfun$apply$1(Future.scala:659)
	at scala.util.Success.$anonfun$map$1(Try.scala:255)
	at scala.util.Success.map(Try.scala:213)
	at scala.concurrent.Future.$anonfun$map$1(Future.scala:292)
	at scala.concurrent.impl.Promise.liftedTree1$1(Promise.scala:33)
	at scala.concurrent.impl.Promise.$anonfun$transform$1(Promise.scala:33)
	... 4 more

[0m2021.04.15 19:31:46 INFO  compiling cats-sandbox (2 scala sources)[0m
[0m2021.04.15 19:31:46 INFO  time: compiled cats-sandbox in 0.97s[0m
Apr 15, 2021 7:32:01 PM org.eclipse.lsp4j.jsonrpc.RemoteEndpoint handleCancellation
WARNING: Unmatched cancel notification for request id 384
[0m2021.04.15 19:32:04 INFO  compiling cats-sandbox (1 scala source)[0m
[0m2021.04.15 19:32:04 INFO  time: compiled cats-sandbox in 0.49s[0m
Apr 15, 2021 7:32:32 PM org.eclipse.lsp4j.jsonrpc.RemoteEndpoint handleCancellation
WARNING: Unmatched cancel notification for request id 405
something's wrong: no file:///home/merlinwebster/learning/scala-with-cats/cats-sandbox/src/main/scala/sandbox/JsonWriterInstances.scala in json.JsonWriter[String]RangePosition(file:///home/merlinwebster/learning/scala-with-cats/cats-sandbox/src/main/scala/sandbox/JsonWriterInstances.scala, 498, 498, 516)
[0m2021.04.15 19:33:06 INFO  compiling cats-sandbox (1 scala source)[0m
[0m2021.04.15 19:33:06 INFO  time: compiled cats-sandbox in 0.76s[0m
[0m2021.04.15 19:33:26 INFO  compiling cats-sandbox (1 scala source)[0m
[0m2021.04.15 19:33:26 INFO  time: compiled cats-sandbox in 0.84s[0m
[0m2021.04.15 19:33:30 INFO  compiling cats-sandbox (1 scala source)[0m
[0m2021.04.15 19:33:30 INFO  time: compiled cats-sandbox in 0.74s[0m
something's wrong: no file:///home/merlinwebster/learning/scala-with-cats/cats-sandbox/src/main/scala/sandbox/JsonWriterInstances.scala in jsonwriter.JsonWriter[String]RangePosition(file:///home/merlinwebster/learning/scala-with-cats/cats-sandbox/src/main/scala/sandbox/JsonWriterInstances.scala, 533, 533, 551)
[0m2021.04.15 19:35:25 INFO  compiling cats-sandbox (1 scala source)[0m
[0m2021.04.15 19:35:25 INFO  time: compiled cats-sandbox in 0.74s[0m
[0m2021.04.15 19:40:27 INFO  compiling cats-sandbox (2 scala sources)[0m
Apr 15, 2021 7:40:27 PM org.eclipse.lsp4j.jsonrpc.RemoteEndpoint handleCancellation
WARNING: Unmatched cancel notification for request id 483
[0m2021.04.15 19:40:27 INFO  time: compiled cats-sandbox in 0.73s[0m
Apr 15, 2021 7:42:39 PM org.eclipse.lsp4j.jsonrpc.RemoteEndpoint handleCancellation
WARNING: Unmatched cancel notification for request id 501
[0m2021.04.16 11:03:52 INFO  shutting down Metals[0m
[0m2021.04.16 11:03:52 INFO  Shut down connection with build server.[0m
No more data in the client stdin, exiting...
[0m2021.04.16 11:03:52 INFO  Shut down connection with build server.[0m
No more data in the client stdin, exiting...
[0m2021.04.16 11:03:52 INFO  Shut down connection with build server.[0m
No more data in the server stdin, exiting...
No more data in the client stdin, exiting...
No more data in the server stdin, exiting...
No more data in the server stdin, exiting...
No more data in the server stdin, exiting...
No more data in the server stdin, exiting...
